  Game.cpp
  Hud.cpp
  main.cpp
  Menu.cpp
  Object.cpp
Object.cpp(80): warning C4101: 'y1': variable local sin referencia
  Player.cpp
  Scene.cpp
  Shader.cpp
  ShaderProgram.cpp
  ShaderProgramManager.cpp
  Skeleton.cpp
  Sprite.cpp
  Texture.cpp
  TexturedQuad.cpp
  TileMap.cpp
  Vampire.cpp
Vampire.cpp(20): warning C4244: 'argumento': conversión de 'time_t' a 'unsigned int'; posible pérdida de datos
SOIL.lib(SOIL.obj) : warning LNK4075: se omite '/EDITANDCONTINUE' debido a la especificación '/OPT:ICF'
LINK : warning LNK4098: la biblioteca predeterminada'MSVCRTD' entra en conflicto con otras bibliotecas; use la biblioteca /NODEFAULTLIB:biblioteca
  Generando código
  All 636 functions were compiled because no usable IPDB/IOBJ from previous compilation was found.
  Generación de código finalizada
SOIL.lib(image_DXT.obj) : warning LNK4099: no se encontró PDB 'vc100.pdb' con 'SOIL.lib(image_DXT.obj)' o en 'C:\Users\usuario\Desktop\Nueva carpeta (3)\MiguelMorenoAlcaraz\Binari\vc100.pdb'; se vinculará el objeto sin tener en cuenta información de depuración
SOIL.lib(image_helper.obj) : warning LNK4099: no se encontró PDB 'vc100.pdb' con 'SOIL.lib(image_helper.obj)' o en 'C:\Users\usuario\Desktop\Nueva carpeta (3)\MiguelMorenoAlcaraz\Binari\vc100.pdb'; se vinculará el objeto sin tener en cuenta información de depuración
SOIL.lib(SOIL.obj) : warning LNK4099: no se encontró PDB 'vc100.pdb' con 'SOIL.lib(SOIL.obj)' o en 'C:\Users\usuario\Desktop\Nueva carpeta (3)\MiguelMorenoAlcaraz\Binari\vc100.pdb'; se vinculará el objeto sin tener en cuenta información de depuración
SOIL.lib(stb_image_aug.obj) : warning LNK4099: no se encontró PDB 'vc100.pdb' con 'SOIL.lib(stb_image_aug.obj)' o en 'C:\Users\usuario\Desktop\Nueva carpeta (3)\MiguelMorenoAlcaraz\Binari\vc100.pdb'; se vinculará el objeto sin tener en cuenta información de depuración
  02-Bubble.vcxproj -> C:\Users\usuario\Desktop\Nueva carpeta (3)\MiguelMorenoAlcaraz\Projecte\..\Binari\02-Bubble.exe
  02-Bubble.vcxproj -> C:\Users\usuario\Desktop\Nueva carpeta (3)\MiguelMorenoAlcaraz\Projecte\..\Binari\02-Bubble.pdb (Full PDB)
